[debug] [2026-03-08T14:18:21.627Z] ----------------------------------------------------------------------
[debug] [2026-03-08T14:18:21.632Z] Command:       /nix/store/ws50yvm6vzlzf7jzz6n7xh4szddrack1-nodejs-20.19.1/bin/node /nix/store/gm9mcvzb17vv8cla08khrg29vxn3sq4r-firebase-tools-15.1.0/lib/node_modules/firebase-tools/lib/bin/firebase.js init hosting:github
[debug] [2026-03-08T14:18:21.633Z] CLI Version:   15.1.0
[debug] [2026-03-08T14:18:21.633Z] Platform:      linux
[debug] [2026-03-08T14:18:21.633Z] Node Version:  v20.19.1
[debug] [2026-03-08T14:18:21.634Z] Time:          Sun Mar 08 2026 14:18:21 GMT+0000 (Coordinated Universal Time)
[debug] [2026-03-08T14:18:21.634Z] ----------------------------------------------------------------------
[debug] 
[debug] [2026-03-08T14:18:21.638Z] >>> [apiv2][query] GET https://firebase-public.firebaseio.com/cli.json [none]
[debug] [2026-03-08T14:18:24.492Z] No OAuth tokens found
[debug] [2026-03-08T14:18:24.492Z] No OAuth tokens found
[error] Failed to fetch Firebase Project from current Studio Workspace: Unable to refresh auth: not yet authenticated.
[info] 
     ######## #### ########  ######## ########     ###     ######  ########
     ##        ##  ##     ## ##       ##     ##  ##   ##  ##       ##
     ######    ##  ########  ######   ########  #########  ######  ######
     ##        ##  ##    ##  ##       ##     ## ##     ##       ## ##
     ##       #### ##     ## ######## ########  ##     ##  ######  ########

You're about to initialize a Firebase project in this directory:

  /home/user/Identity_Node

[info] 
=== Project Setup
[info] 
[info] First, let's associate this project directory with a Firebase project.
[info] You can create multiple project aliases by running firebase use --add, 
[info] 
[debug] [2026-03-08T14:18:24.868Z] <<< [apiv2][status] GET https://firebase-public.firebaseio.com/cli.json 200
[debug] [2026-03-08T14:18:24.868Z] <<< [apiv2][body] GET https://firebase-public.firebaseio.com/cli.json {"cloudBuildErrorAfter":1594252800000,"cloudBuildWarnAfter":1590019200000,"defaultNode10After":1594252800000,"minVersion":"3.0.5","node8DeploysDisabledAfter":1613390400000,"node8RuntimeDisabledAfter":1615809600000,"node8WarnAfter":1600128000000}
